COMP30023 2024 Project 1 Before Deadline Tests (Feedback)
v6, fix typo, last modified 29/03/24

WARNING: No commit hash given

Commit log:
a21d6ff 2024-04-18T22:43:55+10:00: updated the makefile and necessary initial creation of files for task4
00355f9 2024-04-18T19:02:20+10:00: deleted unnecessary txt files
cea801b 2024-04-17T18:08:06+10:00: updated makefile
83c7053 2024-04-17T15:46:04+10:00: fixe memory ??? pls
43324fc 2024-04-17T15:29:20+10:00: fixed memory management
f184de7 2024-04-17T15:14:12+10:00: task 3 works, now need to fix memory management
796bbea 2024-04-17T00:05:54+10:00: made a good start on task3, just need to fine tune the scheduler and eviction algorithm
1a91ec6 2024-04-16T20:54:21+10:00: made pages
019f589 2024-04-16T18:40:23+10:00: added free functions
5c671a9 2024-04-16T18:37:47+10:00: added free functions
f5c5a4f 2024-04-16T18:31:04+10:00: added free functions
3355692 2024-04-16T18:22:18+10:00: added free functions
b6966d6 2024-04-16T18:17:00+10:00: added free functions
1bd8690 2024-04-16T18:07:17+10:00: started task 3
5e5c778 2024-04-16T18:03:26+10:00: started task 3
dcd6373 2024-04-16T16:26:58+10:00: small change
b6a9dfc 2024-04-16T16:25:24+10:00: fixed merge conflict
7c6de05 2024-04-16T13:04:53+10:00: reverted back to commit "89e4482". the changes in data type was causing issues in task1 q3 output.
789a198 2024-04-16T12:47:28+10:00: Revert "fixed issue with print statistics in task 2"
f71f380 2024-04-16T12:00:23+10:00: updated data type for remaining and completion times for processes, and made changes to code for proper output types of those times.
f6f4cea 2024-04-15T22:40:49+10:00: small changes
89e4482 2024-04-15T22:30:09+10:00: fixed issue with print statistics in task 2
f6efea3 2024-04-15T21:29:15+10:00: updated gitignore to rule out unwanted files. (*.0 and allocate)
8a11b02 2024-04-15T21:25:36+10:00: added gitignore
4d16307 2024-04-15T21:13:42+10:00: fixed a bug regarding remaining process. it was actually the number of remaining ready processes. include a get_length function in queue.
fce142b 2024-04-15T18:03:29+10:00: added .github/workflows/ci.yml and cases folder for test purposes
ba97077 2024-04-15T13:13:00+10:00: renamed roundrobin to task1 and separated the helper functions into another file. changed naming of some functions in queue for coding similarity
80ccbe7 2024-04-15T10:37:32+10:00: minor change to documentation
a6ed3df 2024-04-15T10:19:44+10:00: finished task 2 for real
8e5020c 2024-04-13T00:10:14+10:00: almost got part 2 workinggit add . just one bug
f3b220b 2024-04-12T21:17:50+10:00: allocation function works
982f307 2024-04-09T20:02:55+10:00: made git map, initialised new queue
767152a 2024-04-09T11:52:07+10:00: completed task 1 - added performance statistics - updated makefile to link math.h - updated process struct to include completime, turnaround and overhead time
6da9c65 2024-04-09T01:39:47+10:00: removed all the object files
314a41b 2024-04-09T00:38:16+10:00: Rose updated read.c to include a function that can resize the number of slots in array of processes.
1ee2cd3 2024-04-08T12:17:47+10:00: finished the round robin algorithm, works well just need to workout when a process arrives late.
d187c52 2024-04-01T03:14:23+11:00: included the newly added files into the makefile and main.c file, changed the two-processes.txt file.
4e7ad6f 2024-03-31T23:04:01+11:00: added roundrobin.o and queue.o to Makefile so now to will compile correctly
bcbf199 2024-03-31T22:46:26+11:00: added #include's
1fb2735 2024-03-31T22:16:21+11:00: edited some errors
548ba08 2024-03-31T22:00:37+11:00: developed the round robin algorithm
98792f6 2024-03-30T14:03:53+11:00: changed the verification of mallocs with assert function
673e91f 2024-03-28T13:45:15+11:00: small typo on line 72
4ab3891 2024-03-28T13:43:50+11:00: fixed bug for service_time so that we can store up to 2^(32)-1 integer values as per the spec
e1dbfd7 2024-03-27T14:37:34+11:00: readin works perfectly, only issue is with service_memory integer overflow :(((
fac6796 2024-03-27T12:25:54+11:00: testing read function
f5f6f4f 2024-03-27T11:52:32+11:00: just fixed some subtle bugs in queue that occurred when i tried to compile the code
2838f36 2024-03-27T00:35:20+11:00: updated the queue data structrue. added dequeue and emptyQueue. check proper response comments. Do we need any other functions?
cf825f7 2024-03-26T23:02:57+11:00: created a queue data structure which can create a queue, add an element in a queue and check if a queue is empty. needs to include other features in it.
2e71a57 2024-03-26T18:19:41+11:00: added 'clean' target function to makefile
cfa4db3 2024-03-26T18:17:03+11:00: makefile seems to be working, watch out for the process.c and read.c files though
7cfd889 2024-03-26T12:52:49+11:00: made a makefile
3f3e291 2024-03-25T21:41:46+11:00: finishing up for tonight! started working on the new read in file
06e2ed2 2024-03-25T21:20:57+11:00: added a read function, we can now setup which memory strategy to use
698d94b 2024-03-25T20:20:11+11:00: made the process.c file
66308bf 2024-03-25T11:41:25+11:00: made process struct
7d649ae 2024-03-24T19:55:08+11:00: added a main function
c0fac89 2024-03-19T20:33:59+11:00: new
c21b6ea 2024-03-19T19:10:52+11:00: Create test.c

make -B && make clean (output suppressed)

make clean
rm -f *.o allocate

make
gcc -Wall -o main.o main.c -c
gcc -Wall -o read.o read.c -c
gcc -Wall -o process.o process.c -c
gcc -Wall -o task1.o task1.c -c
gcc -Wall -o queue.o queue.c -c
gcc -Wall -o task2.o task2.c -c
gcc -Wall -o bitmap.o bitmap.c -c
gcc -Wall -o helperfunctions.o helperfunctions.c -c
gcc -Wall -o page.o page.c -c
gcc -Wall -o task3.o task3.c -c
gcc -Wall -o task4.o task4.c -c
gcc -Wall -o allocate main.o read.o process.o task1.o queue.o task2.o bitmap.o helperfunctions.o page.o task3.o -lm

OK -- ./allocate found. Copying to clean working directory.

Visible Tests
Task 1 spec-q1 (0.5): Passed
Task 1 two-proc-q1 (0.5): Passed
Task 1 two-proc-q3 (0.5): Passed
Task 2 fill-q3 (0.5): Passed
Task 2 non-fit-q1 (0.3): Passed
Task 2 left-q3 (0.5): Passed
Task 2 running-q3 (0.2): Passed
Task 3 simple-alloc-q3 (0.5): Passed
Task 3 simple-evict-q1 (0.5): Passed
Task 3 internal-frag-q1 (0.5): Passed
Task 4 no-evict-q3 (0.5): Failed
<<<<<<<<<<<<<<<<<<<<<<<<<<<<<<<<<<<<<<<<<<<<<<<<<<
							      |	0,RUNNING,process-name=P1,remaining-time=24,mem-usage=98%,mem
							      >	12,RUNNING,process-name=P2,remaining-time=16,mem-usage=100%,m
							      >	15,RUNNING,process-name=P1,remaining-time=12,mem-usage=100%,m
							      >	18,RUNNING,process-name=P2,remaining-time=13,mem-usage=100%,m
							      >	21,RUNNING,process-name=P1,remaining-time=9,mem-usage=100%,me
							      >	24,RUNNING,process-name=P2,remaining-time=10,mem-usage=100%,m
							      >	27,RUNNING,process-name=P1,remaining-time=6,mem-usage=100%,me
							      >	30,RUNNING,process-name=P2,remaining-time=7,mem-usage=100%,me
							      >	33,RUNNING,process-name=P1,remaining-time=3,mem-usage=100%,me
							      >	36,EVICTED,evicted-frames=[0,1,2,3,4,5,6,7,8,9,10,11,12,13,14
							      >	36,FINISHED,process-name=P1,proc-remaining=1
							      >	36,RUNNING,process-name=P2,remaining-time=4,mem-usage=3%,mem-
							      >	42,EVICTED,evicted-frames=[500,501,502,503,504,505,506,507,50
							      >	42,FINISHED,process-name=P2,proc-remaining=0
>>>>>>>>>>>>>>>>>>>>>>>>>>>>>>>>>>>>>>>>>>>>>>>>>>
Task 4 virtual-evict-q1 (0.3): Failed
<<<<<<<<<<<<<<<<<<<<<<<<<<<<<<<<<<<<<<<<<<<<<<<<<<
							      |	0,RUNNING,process-name=P1,remaining-time=24,mem-usage=100%,me
							      >	1,EVICTED,evicted-frames=[0,1,2,3]
							      >	1,RUNNING,process-name=P2,remaining-time=4,mem-usage=100%,mem
							      >	2,RUNNING,process-name=P1,remaining-time=23,mem-usage=100%,me
							      >	3,EVICTED,evicted-frames=[0,1,2,3]
							      >	3,RUNNING,process-name=P3,remaining-time=4,mem-usage=100%,mem
							      >	4,EVICTED,evicted-frames=[4,5,6,7]
							      >	4,RUNNING,process-name=P2,remaining-time=3,mem-usage=100%,mem
							      >	5,EVICTED,evicted-frames=[8,9,10,11]
							      >	5,RUNNING,process-name=P4,remaining-time=4,mem-usage=100%,mem
							      >	6,RUNNING,process-name=P1,remaining-time=22,mem-usage=100%,me
							      >	7,EVICTED,evicted-frames=[0,1,2,3]
							      >	7,RUNNING,process-name=P5,remaining-time=4,mem-usage=100%,mem
							      >	8,EVICTED,evicted-frames=[4,5,6,7]
							      >	8,RUNNING,process-name=P3,remaining-time=3,mem-usage=100%,mem
							      >	9,EVICTED,evicted-frames=[8,9,10,11]
							      >	9,RUNNING,process-name=P2,remaining-time=2,mem-usage=100%,mem
							      >	10,EVICTED,evicted-frames=[12,13,14,15]
							      >	10,RUNNING,process-name=P4,remaining-time=3,mem-usage=100%,me
							      >	11,RUNNING,process-name=P1,remaining-time=21,mem-usage=100%,m
							      >	12,RUNNING,process-name=P5,remaining-time=3,mem-usage=100%,me
							      >	13,RUNNING,process-name=P3,remaining-time=2,mem-usage=100%,me
							      >	14,RUNNING,process-name=P2,remaining-time=1,mem-usage=100%,me
							      >	15,EVICTED,evicted-frames=[8,9,10,11]
							      >	15,FINISHED,process-name=P2,proc-remaining=4
							      >	15,RUNNING,process-name=P4,remaining-time=2,mem-usage=100%,me
							      >	16,RUNNING,process-name=P1,remaining-time=20,mem-usage=100%,m
							      >	17,RUNNING,process-name=P5,remaining-time=2,mem-usage=100%,me
							      >	18,RUNNING,process-name=P3,remaining-time=1,mem-usage=100%,me
							      >	19,EVICTED,evicted-frames=[4,5,6,7]
							      >	19,FINISHED,process-name=P3,proc-remaining=3
							      >	19,RUNNING,process-name=P4,remaining-time=1,mem-usage=99%,mem
							      >	20,EVICTED,evicted-frames=[12,13,14,15]
							      >	20,FINISHED,process-name=P4,proc-remaining=2
							      >	20,RUNNING,process-name=P1,remaining-time=19,mem-usage=98%,me
							      >	21,RUNNING,process-name=P5,remaining-time=1,mem-usage=98%,mem
							      >	22,EVICTED,evicted-frames=[0,1,2,3]
							      >	22,FINISHED,process-name=P5,proc-remaining=1
							      >	22,RUNNING,process-name=P1,remaining-time=18,mem-usage=97%,me
							      >	40,EVICTED,evicted-frames=[16,17,18,19,20,21,22,23,24,25,26,2
							      >	40,FINISHED,process-name=P1,proc-remaining=0
>>>>>>>>>>>>>>>>>>>>>>>>>>>>>>>>>>>>>>>>>>>>>>>>>>
Task 4 virtual-evict-alt-q1 (0.2): Failed
<<<<<<<<<<<<<<<<<<<<<<<<<<<<<<<<<<<<<<<<<<<<<<<<<<
							      |	0,RUNNING,process-name=P1,remaining-time=24,mem-usage=100%,me
							      >	1,EVICTED,evicted-frames=[0,1,2]
							      >	1,RUNNING,process-name=P2,remaining-time=4,mem-usage=100%,mem
							      >	2,RUNNING,process-name=P1,remaining-time=23,mem-usage=100%,me
							      >	3,EVICTED,evicted-frames=[0,1,2,511]
							      >	3,RUNNING,process-name=P3,remaining-time=4,mem-usage=100%,mem
							      >	4,EVICTED,evicted-frames=[3,4,5,6]
							      >	4,RUNNING,process-name=P2,remaining-time=3,mem-usage=100%,mem
							      >	5,EVICTED,evicted-frames=[7,8,9,10]
							      >	5,RUNNING,process-name=P4,remaining-time=4,mem-usage=100%,mem
							      >	6,RUNNING,process-name=P1,remaining-time=22,mem-usage=100%,me
							      >	7,EVICTED,evicted-frames=[0,1,2,511]
							      >	7,RUNNING,process-name=P5,remaining-time=4,mem-usage=100%,mem
							      >	8,EVICTED,evicted-frames=[3,4,5,6]
							      >	8,RUNNING,process-name=P3,remaining-time=3,mem-usage=100%,mem
							      >	9,EVICTED,evicted-frames=[7,8,9,10]
							      >	9,RUNNING,process-name=P2,remaining-time=2,mem-usage=100%,mem
							      >	10,EVICTED,evicted-frames=[11,12,13,14]
							      >	10,RUNNING,process-name=P4,remaining-time=3,mem-usage=100%,me
							      >	11,RUNNING,process-name=P1,remaining-time=21,mem-usage=100%,m
							      >	12,RUNNING,process-name=P5,remaining-time=3,mem-usage=100%,me
							      >	13,RUNNING,process-name=P3,remaining-time=2,mem-usage=100%,me
							      >	14,RUNNING,process-name=P2,remaining-time=1,mem-usage=100%,me
							      >	15,EVICTED,evicted-frames=[7,8,9,10]
							      >	15,FINISHED,process-name=P2,proc-remaining=4
							      >	15,RUNNING,process-name=P4,remaining-time=2,mem-usage=100%,me
							      >	16,RUNNING,process-name=P1,remaining-time=20,mem-usage=100%,m
							      >	17,RUNNING,process-name=P5,remaining-time=2,mem-usage=100%,me
							      >	18,RUNNING,process-name=P3,remaining-time=1,mem-usage=100%,me
							      >	19,EVICTED,evicted-frames=[3,4,5,6]
							      >	19,FINISHED,process-name=P3,proc-remaining=3
							      >	19,RUNNING,process-name=P4,remaining-time=1,mem-usage=99%,mem
							      >	20,EVICTED,evicted-frames=[11,12,13,14]
							      >	20,FINISHED,process-name=P4,proc-remaining=2
							      >	20,RUNNING,process-name=P1,remaining-time=19,mem-usage=98%,me
							      >	21,RUNNING,process-name=P5,remaining-time=1,mem-usage=98%,mem
							      >	22,EVICTED,evicted-frames=[0,1,2,511]
							      >	22,FINISHED,process-name=P5,proc-remaining=1
							      >	22,RUNNING,process-name=P1,remaining-time=18,mem-usage=97%,me
							      >	40,EVICTED,evicted-frames=[15,16,17,18,19,20,21,22,23,24,25,2
							      >	40,FINISHED,process-name=P1,proc-remaining=0
>>>>>>>>>>>>>>>>>>>>>>>>>>>>>>>>>>>>>>>>>>>>>>>>>>
Task 4 to-evict-q3 (0.5): Failed
<<<<<<<<<<<<<<<<<<<<<<<<<<<<<<<<<<<<<<<<<<<<<<<<<<
							      |	0,RUNNING,process-name=P1,remaining-time=32,mem-usage=100%,me
							      >	3,RUNNING,process-name=P2,remaining-time=11,mem-usage=100%,me
							      >	6,RUNNING,process-name=P1,remaining-time=29,mem-usage=100%,me
							      >	9,EVICTED,evicted-frames=[508,509,510,511]
							      >	9,RUNNING,process-name=P3,remaining-time=7,mem-usage=100%,mem
							      >	12,EVICTED,evicted-frames=[0,1,2,3]
							      >	12,RUNNING,process-name=P4,remaining-time=7,mem-usage=100%,me
							      >	15,EVICTED,evicted-frames=[4,5,6,7]
							      >	15,RUNNING,process-name=P2,remaining-time=8,mem-usage=100%,me
							      >	18,EVICTED,evicted-frames=[8,9,10,11]
							      >	18,RUNNING,process-name=P5,remaining-time=7,mem-usage=100%,me
							      >	21,RUNNING,process-name=P1,remaining-time=26,mem-usage=100%,m
							      >	24,RUNNING,process-name=P3,remaining-time=4,mem-usage=100%,me
							      >	27,RUNNING,process-name=P4,remaining-time=4,mem-usage=100%,me
							      >	30,RUNNING,process-name=P2,remaining-time=5,mem-usage=100%,me
							      >	33,RUNNING,process-name=P5,remaining-time=4,mem-usage=100%,me
							      >	36,RUNNING,process-name=P1,remaining-time=23,mem-usage=100%,m
							      >	39,RUNNING,process-name=P3,remaining-time=1,mem-usage=100%,me
							      >	42,EVICTED,evicted-frames=[508,509,510,511]
							      >	42,FINISHED,process-name=P3,proc-remaining=4
							      >	42,RUNNING,process-name=P4,remaining-time=1,mem-usage=100%,me
							      >	45,EVICTED,evicted-frames=[0,1,2,3]
							      >	45,FINISHED,process-name=P4,proc-remaining=3
							      >	45,RUNNING,process-name=P2,remaining-time=2,mem-usage=99%,mem
							      >	48,EVICTED,evicted-frames=[4,5,6,7]
							      >	48,FINISHED,process-name=P2,proc-remaining=2
							      >	48,RUNNING,process-name=P5,remaining-time=1,mem-usage=98%,mem
							      >	51,EVICTED,evicted-frames=[8,9,10,11]
							      >	51,FINISHED,process-name=P5,proc-remaining=1
							      >	51,RUNNING,process-name=P1,remaining-time=20,mem-usage=97%,me
							      >	72,EVICTED,evicted-frames=[12,13,14,15,16,17,18,19,20,21,22,2
							      >	72,FINISHED,process-name=P1,proc-remaining=0
>>>>>>>>>>>>>>>>>>>>>>>>>>>>>>>>>>>>>>>>>>>>>>>>>>
Task 5 spec-q1 (0.125): Passed
Task 5 non-fit-q3 (0.125): Passed
Task 5 simple-alloc-q3 (0.125): Passed
Task 5 to-evict-q3 (0.125): Failed, turnaround time mismatch
<<<<<<<<<<<<<<<<<<<<<<<<<<<<<<<<<<<<<<<<<<<<<<<<<<
							      |	Turnaround time 48
>>>>>>>>>>>>>>>>>>>>>>>>>>>>>>>>>>>>>>>>>>>>>>>>>>

Valgrind
Task v1 valgrind-task1 (0): Passed
Task v3 valgrind-task3 (0): Passed

=============== START RESULTS TABLE ===============
Task 1: Infinite Memory                       1.5
Task 2: First Fit                             1.5
Task 3: Paged Memory                          1.5
Task 4: Virtual Memory                        0
Task 5: Performance statistics                .375
Task 6: Build quality                         1
Task 7: Quality of software practices         #CODE_QUALITY#
Late penalty:                                 -15
================ END RESULTS TABLE ================
